<?xml version="1.0" encoding="UTF-8"?>
<!-- Go / go-junit-report -->
<testsuites>
	<testsuite tests="3" failures="0" time="0.219" name="go.undefinedlabs.com/scopeimport">
		<properties>
			<property name="go.version" value="go1.12.14"></property>
		</properties>
		<testcase classname="scopeimport" name="TestUnmarshalTestSuitesXML" time="0.010"></testcase>
		<testcase classname="scopeimport" name="TestUnmarshalTestSuiteXML" time="0.000"></testcase>
		<testcase classname="scopeimport" name="TestToDecimalDurationInSec" time="0.000"></testcase>
	</testsuite>
</testsuites>